<?xml version="1.0" encoding="UTF-8"?>
<!-- Generated by org.testng.reporters.JUnitReportReporter -->
<testsuite hostname="Acer-Master" failures="0" tests="11" name="testCases.TC001_Register_User" time="20.874" errors="0" timestamp="2025-06-27T00:15:29 IST" skipped="0">
  <testcase classname="testCases.TC001_Register_User" name="verify_Subscription_Msg" time="0.126"/>
  <testcase classname="testCases.TC001_Register_User" name="clickOn_Signup" time="2.082"/>
  <testcase classname="testCases.TC001_Register_User" name="verify_NewUser_Msg" time="0.049"/>
  <testcase classname="testCases.TC001_Register_User" name="set_UserDetails" time="2.964"/>
  <testcase classname="testCases.TC001_Register_User" name="verify_AccountDetails" time="0.049"/>
  <testcase classname="testCases.TC001_Register_User" name="set_AccountDetails" time="7.306"/>
  <testcase classname="testCases.TC001_Register_User" name="verify_AccountCreation" time="0.047"/>
  <testcase classname="testCases.TC001_Register_User" name="click_ContinueBtn" time="4.372"/>
  <testcase classname="testCases.TC001_Register_User" name="verify_UserName_Visibility" time="1.102"/>
  <testcase classname="testCases.TC001_Register_User" name="verify_Account_Deletion" time="0.049"/>
  <testcase classname="testCases.TC001_Register_User" name="back_Home" time="2.728"/>
</testsuite> <!-- testCases.TC001_Register_User -->
